  Skeleton.cpp
C:\Users\Szombati Olivér\Documents\Grafika cpp\Házi feladatok\2. házi feladat\Project\Programs\Skeleton\Skeleton\framework.h(167,17): warning C4996: 'fopen': This function or variable may be unsafe. Consider using fopen_s instead. To disable deprecation, use _CRT_SECURE_NO_WARNINGS. See online help for details.
C:\Users\Szombati Olivér\Documents\Grafika cpp\Házi feladatok\2. házi feladat\Project\Programs\Skeleton\Skeleton\Skeleton.cpp(15,13): warning C4244: 'return': conversion from 'double' to 'float', possible loss of data
C:\Users\Szombati Olivér\Documents\Grafika cpp\Házi feladatok\2. házi feladat\Project\Programs\Skeleton\Skeleton\Skeleton.cpp(23): warning C4305: 'argument': truncation from 'double' to 'float'
C:\Users\Szombati Olivér\Documents\Grafika cpp\Házi feladatok\2. házi feladat\Project\Programs\Skeleton\Skeleton\Skeleton.cpp(97,18): warning C4244: 'argument': conversion from 'double' to 'float', possible loss of data
C:\Users\Szombati Olivér\Documents\Grafika cpp\Házi feladatok\2. házi feladat\Project\Programs\Skeleton\Skeleton\Skeleton.cpp(97,1): warning C4305: 'argument': truncation from 'double' to 'float'
C:\Users\Szombati Olivér\Documents\Grafika cpp\Házi feladatok\2. házi feladat\Project\Programs\Skeleton\Skeleton\Skeleton.cpp(145,20): warning C4244: 'initializing': conversion from 'double' to 'float', possible loss of data
C:\Users\Szombati Olivér\Documents\Grafika cpp\Házi feladatok\2. házi feladat\Project\Programs\Skeleton\Skeleton\Skeleton.cpp(153,11): warning C4244: 'initializing': conversion from 'double' to 'float', possible loss of data
C:\Users\Szombati Olivér\Documents\Grafika cpp\Házi feladatok\2. házi feladat\Project\Programs\Skeleton\Skeleton\Skeleton.cpp(273,1): warning C4305: 'argument': truncation from 'double' to 'float'
C:\Users\Szombati Olivér\Documents\Grafika cpp\Házi feladatok\2. házi feladat\Project\Programs\Skeleton\Skeleton\Skeleton.cpp(274,1): warning C4305: 'initializing': truncation from 'double' to 'float'
C:\Users\Szombati Olivér\Documents\Grafika cpp\Házi feladatok\2. házi feladat\Project\Programs\Skeleton\Skeleton\Skeleton.cpp(278,1): warning C4305: 'argument': truncation from 'double' to 'float'
C:\Users\Szombati Olivér\Documents\Grafika cpp\Házi feladatok\2. házi feladat\Project\Programs\Skeleton\Skeleton\Skeleton.cpp(289,1): warning C4305: 'argument': truncation from 'double' to 'float'
C:\Users\Szombati Olivér\Documents\Grafika cpp\Házi feladatok\2. házi feladat\Project\Programs\Skeleton\Skeleton\Skeleton.cpp(290,1): warning C4305: 'argument': truncation from 'double' to 'float'
C:\Users\Szombati Olivér\Documents\Grafika cpp\Házi feladatok\2. házi feladat\Project\Programs\Skeleton\Skeleton\Skeleton.cpp(291,1): warning C4305: 'argument': truncation from 'double' to 'float'
C:\Users\Szombati Olivér\Documents\Grafika cpp\Házi feladatok\2. házi feladat\Project\Programs\Skeleton\Skeleton\Skeleton.cpp(292,1): warning C4305: 'argument': truncation from 'double' to 'float'
C:\Users\Szombati Olivér\Documents\Grafika cpp\Házi feladatok\2. házi feladat\Project\Programs\Skeleton\Skeleton\Skeleton.cpp(293,1): warning C4305: 'argument': truncation from 'double' to 'float'
C:\Users\Szombati Olivér\Documents\Grafika cpp\Házi feladatok\2. házi feladat\Project\Programs\Skeleton\Skeleton\Skeleton.cpp(294,1): warning C4305: 'argument': truncation from 'double' to 'float'
C:\Users\Szombati Olivér\Documents\Grafika cpp\Házi feladatok\2. házi feladat\Project\Programs\Skeleton\Skeleton\Skeleton.cpp(295,1): warning C4305: 'argument': truncation from 'double' to 'float'
C:\Users\Szombati Olivér\Documents\Grafika cpp\Házi feladatok\2. házi feladat\Project\Programs\Skeleton\Skeleton\Skeleton.cpp(296,1): warning C4305: 'argument': truncation from 'double' to 'float'
C:\Users\Szombati Olivér\Documents\Grafika cpp\Házi feladatok\2. házi feladat\Project\Programs\Skeleton\Skeleton\Skeleton.cpp(297,1): warning C4305: 'argument': truncation from 'double' to 'float'
C:\Users\Szombati Olivér\Documents\Grafika cpp\Házi feladatok\2. házi feladat\Project\Programs\Skeleton\Skeleton\Skeleton.cpp(298,1): warning C4305: 'argument': truncation from 'double' to 'float'
C:\Users\Szombati Olivér\Documents\Grafika cpp\Házi feladatok\2. házi feladat\Project\Programs\Skeleton\Skeleton\Skeleton.cpp(299,1): warning C4305: 'argument': truncation from 'double' to 'float'
C:\Users\Szombati Olivér\Documents\Grafika cpp\Házi feladatok\2. házi feladat\Project\Programs\Skeleton\Skeleton\Skeleton.cpp(300,1): warning C4305: 'argument': truncation from 'double' to 'float'
C:\Users\Szombati Olivér\Documents\Grafika cpp\Házi feladatok\2. házi feladat\Project\Programs\Skeleton\Skeleton\Skeleton.cpp(395,1): warning C4305: 'argument': truncation from 'double' to 'float'
C:\Users\Szombati Olivér\Documents\Grafika cpp\Házi feladatok\2. házi feladat\Project\Programs\Skeleton\Skeleton\Skeleton.cpp(399,1): warning C4305: 'argument': truncation from 'double' to 'float'
C:\Users\Szombati Olivér\Documents\Grafika cpp\Házi feladatok\2. házi feladat\Project\Programs\Skeleton\Skeleton\Skeleton.cpp(400,1): warning C4305: 'argument': truncation from 'double' to 'float'
C:\Users\Szombati Olivér\Documents\Grafika cpp\Házi feladatok\2. házi feladat\Project\Programs\Skeleton\Skeleton\Skeleton.cpp(401,1): warning C4305: 'argument': truncation from 'double' to 'float'
C:\Users\Szombati Olivér\Documents\Grafika cpp\Házi feladatok\2. házi feladat\Project\Programs\Skeleton\Skeleton\Skeleton.cpp(519,13): warning C4244: 'initializing': conversion from 'double' to 'float', possible loss of data
C:\Users\Szombati Olivér\Documents\Grafika cpp\Házi feladatok\2. házi feladat\Project\Programs\Skeleton\Skeleton\Skeleton.cpp(557,1): warning C4305: 'initializing': truncation from 'int' to 'float'
  Generating code
  1 of 513 functions ( 0.2%) were compiled, the rest were copied from previous compilation.
    0 functions were new in current compilation
    1 functions had inline decision re-evaluated but remain unchanged
  Finished generating code
  Skeleton.vcxproj -> C:\Users\Szombati Olivér\Documents\Grafika cpp\Házi feladatok\2. házi feladat\Project\Programs\Skeleton\bin\Skeleton.exe
