  Skeleton.cpp
C:\Users\Szombati Olivér\Documents\Grafika cpp\Házi feladatok\1. házi feladat\Project\Programs\Skeleton\Skeleton\framework.h(167,17): warning C4996: 'fopen': This function or variable may be unsafe. Consider using fopen_s instead. To disable deprecation, use _CRT_SECURE_NO_WARNINGS. See online help for details.
C:\Users\Szombati Olivér\Documents\Grafika cpp\Házi feladatok\1. házi feladat\Project\Programs\Skeleton\Skeleton\Skeleton.cpp(64,28): warning C4244: 'argument': conversion from 'double' to 'float', possible loss of data
C:\Users\Szombati Olivér\Documents\Grafika cpp\Házi feladatok\1. házi feladat\Project\Programs\Skeleton\Skeleton\Skeleton.cpp(64,64): warning C4244: 'argument': conversion from 'double' to 'float', possible loss of data
C:\Users\Szombati Olivér\Documents\Grafika cpp\Házi feladatok\1. házi feladat\Project\Programs\Skeleton\Skeleton\Skeleton.cpp(65,28): warning C4244: 'argument': conversion from 'double' to 'float', possible loss of data
C:\Users\Szombati Olivér\Documents\Grafika cpp\Házi feladatok\1. házi feladat\Project\Programs\Skeleton\Skeleton\Skeleton.cpp(65,64): warning C4244: 'argument': conversion from 'double' to 'float', possible loss of data
C:\Users\Szombati Olivér\Documents\Grafika cpp\Házi feladatok\1. házi feladat\Project\Programs\Skeleton\Skeleton\Skeleton.cpp(82,26): warning C4244: 'argument': conversion from 'double' to 'float', possible loss of data
C:\Users\Szombati Olivér\Documents\Grafika cpp\Házi feladatok\1. házi feladat\Project\Programs\Skeleton\Skeleton\Skeleton.cpp(82,63): warning C4244: 'argument': conversion from 'double' to 'float', possible loss of data
C:\Users\Szombati Olivér\Documents\Grafika cpp\Házi feladatok\1. házi feladat\Project\Programs\Skeleton\Skeleton\Skeleton.cpp(126,56): warning C4244: 'argument': conversion from 'double' to 'float', possible loss of data
C:\Users\Szombati Olivér\Documents\Grafika cpp\Házi feladatok\1. házi feladat\Project\Programs\Skeleton\Skeleton\Skeleton.cpp(126,29): warning C4244: 'argument': conversion from 'double' to 'float', possible loss of data
C:\Users\Szombati Olivér\Documents\Grafika cpp\Házi feladatok\1. házi feladat\Project\Programs\Skeleton\Skeleton\Skeleton.cpp(135,54): warning C4244: 'argument': conversion from 'double' to 'float', possible loss of data
C:\Users\Szombati Olivér\Documents\Grafika cpp\Házi feladatok\1. házi feladat\Project\Programs\Skeleton\Skeleton\Skeleton.cpp(135,27): warning C4244: 'argument': conversion from 'double' to 'float', possible loss of data
C:\Users\Szombati Olivér\Documents\Grafika cpp\Házi feladatok\1. házi feladat\Project\Programs\Skeleton\Skeleton\Skeleton.cpp(171,14): warning C4244: 'initializing': conversion from 'double' to 'float', possible loss of data
C:\Users\Szombati Olivér\Documents\Grafika cpp\Házi feladatok\1. házi feladat\Project\Programs\Skeleton\Skeleton\Skeleton.cpp(291,33): warning C4244: '=': conversion from 'float' to 'long', possible loss of data
  Generating code
  36 of 252 functions (14.3%) were compiled, the rest were copied from previous compilation.
    16 functions were new in current compilation
    20 functions had inline decision re-evaluated but remain unchanged
  Finished generating code
  Skeleton.vcxproj -> C:\Users\Szombati Olivér\Documents\Grafika cpp\Házi feladatok\1. házi feladat\Project\Programs\Skeleton\bin\Skeleton.exe
